<?xml version="1.0" encoding="UTF-8"?>
<!-- Generated by org.testng.reporters.JUnitReportReporter -->
<testsuite skipped="0" hostname="DESKTOP-K8F9FK9" name="SanityTests.grafanaWebDB" tests="1" failures="0" timestamp="10 ינו 2021 18:46:07 GMT" time="2.203" errors="0">
  <testcase name="test01_login" time="2.203" classname="SanityTests.grafanaWebDB"/>
</testsuite> <!-- SanityTests.grafanaWebDB -->
