<?xml version="1.0" encoding="UTF-8"?>
<!-- Generated by org.testng.reporters.JUnitReportReporter -->
<testsuite skipped="0" hostname="DESKTOP-K8F9FK9" name="SanityTests.grafanaAPI" tests="1" failures="0" timestamp="10 ינו 2021 18:46:56 GMT" time="1.604" errors="0">
  <testcase name="test01_addTeamAndVerify" time="1.604" classname="SanityTests.grafanaAPI"/>
</testsuite> <!-- SanityTests.grafanaAPI -->
