<?xml version="1.0" encoding="UTF-8"?>
<!-- Generated by org.testng.reporters.JUnitReportReporter -->
<testsuite skipped="0" hostname="DESKTOP-K8F9FK9" name="SanityTests.electronDemo" tests="1" failures="0" timestamp="10 ינו 2021 18:46:34 GMT" time="0.710" errors="0">
  <testcase name="test01_screenResolution" time="0.710" classname="SanityTests.electronDemo"/>
</testsuite> <!-- SanityTests.electronDemo -->
